<?xml version="1.0" encoding="UTF-8"?>
<!-- Generated by org.testng.reporters.JUnitReportReporter -->
<testsuite hostname="Psikri" failures="0" tests="2" name="com.SeleniumWithDocker.TestGooglePageWithDocker" time="33.040" errors="0" timestamp="14 Sep 2020 19:32:35 GMT" skipped="0">
  <testcase classname="com.SeleniumWithDocker.TestGooglePageWithDocker" name="testGoogleTitleInChrome" time="13.480"/>
  <testcase classname="com.SeleniumWithDocker.TestGooglePageWithDocker" name="testGoogleTitleInFirefox" time="19.560"/>
</testsuite> <!-- com.SeleniumWithDocker.TestGooglePageWithDocker -->
