<?xml version="1.0" encoding="UTF-8"?>
<!-- Generated by org.testng.reporters.JUnitReportReporter -->
<testsuite hostname="Psikri" failures="0" tests="2" name="com.SeleniumWithDocker.TestGooglePageWithDocker" time="46.449" errors="0" timestamp="08 Sep 2020 20:22:06 GMT" skipped="0">
  <testcase classname="com.SeleniumWithDocker.TestGooglePageWithDocker" name="testGoogleTitleInFirefox" time="30.719"/>
  <testcase classname="com.SeleniumWithDocker.TestGooglePageWithDocker" name="testGoogleTitleInChrome" time="15.730"/>
</testsuite> <!-- com.SeleniumWithDocker.TestGooglePageWithDocker -->
